<?xml version="1.0" encoding="UTF-8"?>
<!-- Generated by org.testng.reporters.JUnitReportReporter -->
<testsuite hostname="Rakeshs-MacBook-Air.local" failures="0" tests="1" name="runner.TestRunner" time="3.486" errors="0" timestamp="05 Feb 2019 19:01:20 GMT" skipped="0">
  <testcase classname="runner.TestRunner" name="feature" time="3.486"/>
</testsuite> <!-- runner.TestRunner -->
